##############################################################################################################
#
# Rosetta crash log. Please submit the contents of this file to http://crash.rosettacommons.org/
# or use the script Rosetta/main/source/scripts/python/public/report_crashes.py
#

[START_CRASH_REPORT]
[ROSETTA_VERSION]: 2022.11+release.512e589
[COMMIT_DATE]: 2022-03-14T17:54:23.772418
[APPLICATION]: /projects/kach6913/rosetta.source.release-314/main/source/bin/rosetta_scripts.linuxgccrelease
[MODE]: Release
[EXTRAS]: default
[OS]: GNU/Linux
[COMPILER]: GCC version "4.8.5 20150623 (Red Hat 4.8.5-44)"
[STDLIB]: libstdc++ version 20150623
[START_OPTIONS]
 -in:ignore_unrecognized_res -in:file:s=/projects/kach6913/rosetta-antibody-ddgs/inputs/1C08_all.pdb -in:file:fullatom -run:ignore_zero_occupancy=false -parser:protocol=/projects/kach6913/rosetta-antibody-ddgs/ddG_backrub_og.xml -parser:script_vars=jump=2 mutate_resfile_relpath=/projects/kach6913/rosetta-antibody-ddgs/output/1C08_L:N31D/01/mutate_1C08_L:N31D.resfile number_backrub_trials=35000 max_minimization_iter=5000 abs_score_convergence_thresh=1.0 backrub_trajectory_stride=35000 -packing:soft_rep_design -packing:ex1 -packing:ex2 -corrections:restore_talaris_behavior

[END_OPTIONS]

[START_BACKTRACE]: RAW_LIBC
/projects/kach6913/rosetta.source.release-314/main/source/build/src/release/linux/3.10/64/x86/gcc/4.8/default/libutility.so(backtrace_string(int)+0x3a) [0x2b558e16c9da]
/projects/kach6913/rosetta.source.release-314/main/source/build/src/release/linux/3.10/64/x86/gcc/4.8/default/libutility.so(utility::excn::Exception::Exception(char const*, int, std::string const&)+0x51) [0x2b558e1aa711]
/projects/kach6913/rosetta.source.release-314/main/source/build/src/release/linux/3.10/64/x86/gcc/4.8/default/libprotocols.1.so(protocols::rosetta_scripts::RosettaScriptsParser::validate_input_script_against_xsd(std::string const&, std::basic_stringstream<char, std::char_traits<char>, std::allocator<char> > const&) const+0x64b) [0x2b558857ce8b]
/projects/kach6913/rosetta.source.release-314/main/source/build/src/release/linux/3.10/64/x86/gcc/4.8/default/libprotocols.1.so(protocols::rosetta_scripts::RosettaScriptsParser::finish_creating_tag(std::string const&, utility::vector1<std::string, std::allocator<std::string> > const&, std::string const&) const+0x39f) [0x2b5588585c6f]
/projects/kach6913/rosetta.source.release-314/main/source/build/src/release/linux/3.10/64/x86/gcc/4.8/default/libprotocols.1.so(protocols::rosetta_scripts::RosettaScriptsParser::create_tag_from_xml(std::string const&, utility::vector1<std::string, std::allocator<std::string> > const&)+0x10c) [0x2b55885860ec]
/projects/kach6913/rosetta.source.release-314/main/source/build/src/release/linux/3.10/64/x86/gcc/4.8/default/libprotocols.1.so(protocols::rosetta_scripts::RosettaScriptsParser::create_tag_from_xml(std::string const&, utility::options::OptionCollection const&)+0x398) [0x2b55885866d8]
/projects/kach6913/rosetta.source.release-314/main/source/build/src/release/linux/3.10/64/x86/gcc/4.8/default/libprotocols.1.so(protocols::rosetta_scripts::RosettaScriptsParser::generate_mover(std::shared_ptr<protocols::moves::Mover>&, bool, std::string const&, std::string const&, std::string const&, bool)+0xac) [0x2b558858815c]
/projects/kach6913/rosetta.source.release-314/main/source/build/src/release/linux/3.10/64/x86/gcc/4.8/default/libprotocols.1.so(protocols::jd2::JobDistributor::run_one_job(std::shared_ptr<protocols::moves::Mover>&, long, std::string&, std::string&, unsigned long&, unsigned long&, bool)+0x139d) [0x2b55881974bd]
/projects/kach6913/rosetta.source.release-314/main/source/build/src/release/linux/3.10/64/x86/gcc/4.8/default/libprotocols.1.so(protocols::jd2::JobDistributor::go_main(std::shared_ptr<protocols::moves::Mover>)+0xc1) [0x2b5588198a91]
/projects/kach6913/rosetta.source.release-314/main/source/build/src/release/linux/3.10/64/x86/gcc/4.8/default/libprotocols.1.so(protocols::jd2::FileSystemJobDistributor::go(std::shared_ptr<protocols::moves::Mover>)+0x4a) [0x2b5588187f0a]
/projects/kach6913/rosetta.source.release-314/main/source/bin/rosetta_scripts.linuxgccrelease() [0x403cbe]
/lib64/libc.so.6(__libc_start_main+0xf5) [0x2b55913ec555]
/projects/kach6913/rosetta.source.release-314/main/source/bin/rosetta_scripts.linuxgccrelease() [0x404061]

[END_BACKTRACE]

[FILE]: src/protocols/rosetta_scripts/RosettaScriptsParser.cc
[LINE]: 1192
[START_MESSAGE]
Input rosetta scripts XML file "/projects/kach6913/rosetta-antibody-ddgs/ddG_backrub_og.xml" failed to validate against the rosetta scripts schema. Use the option -parser::output_schema <output filename> to output the schema to a file to see all valid options.
Your XML has failed validation.  The error message below will tell you where in your XML file the error occurred.  Here's how to fix it:

1) If the validation fails on something obvious, like an illegal attribute due to a spelling error (perhaps you used scorefnction instead of scorefunction), then you need to fix your XML file.
2) If you haven't run the XML rewriter script and this might be pre-2017 Rosetta XML, run the rewriter script (tools/xsd_xrw/rewrite_rosetta_script.py) on your input XML first.  The attribute values not being in quotes (scorefunction=talaris2014 instead of scorefunction="talaris2014") is a good indicator that this is your problem.
3) If you are a developer and neither 1 nor 2 worked - email the developer's mailing list or try Slack.
4) If you are an academic or commercial user - try the Rosetta Forums https://www.rosettacommons.org/forum


Error messages were:
From line 69:
Error: Element 'InterfaceDdGMover', attribute 'jump_ids': The attribute 'jump_ids' is not allowed.

64: 
65:     <SavePoseMover name="save_wt_bound_pose" restore_pose="0" reference_name="wt_bound_pose"/>
66:     <SavePoseMover name="save_backrub_pose" restore_pose="0" reference_name="backrubpdb"/>
67:     <SavePoseMover name="restore_backrub_pose" restore_pose="1" reference_name="backrubpdb"/>
68: 
69:     <InterfaceDdGMover name="int_ddG_mover" wt_ref_savepose_mover="save_wt_bound_pose" jump_ids="2" db_reporter="dbreport" scorefxn="fa_talaris2014"/>
70: 
71:     <ScoreMover name="apply_score" scorefxn="fa_talaris2014_cst" verbose="0"/>
72: 
73:     <!-- This ParsedProtocol allows the ddG calculation to take place multiple times along the backrub trajectory, if desired -->
74:     <ParsedProtocol name="finish_ddg_post_backrub">
------------------------------------------------------------
Warning messages were:
------------------------------------------------------------


[END_MESSAGE]
[END_CRASH_REPORT]

